Performing C SOURCE FILE Test CMAKE_HAVE_LIBC_PTHREAD failed with the following output:
Change Dir: /home/g/debug_ws/src/MSCKF_VIO_MONO/msckf_vio/build/CMakeFiles/CMakeTmp

Run Build Command(s):/usr/bin/ninja cmTC_ca5ff && [1/2] Building C object CMakeFiles/cmTC_ca5ff.dir/src.c.o
[2/2] Linking C executable cmTC_ca5ff
FAILED: cmTC_ca5ff 
: && /usr/bin/cc  -rdynamic CMakeFiles/cmTC_ca5ff.dir/src.c.o -o cmTC_ca5ff   && :
/usr/bin/ld: CMakeFiles/cmTC_ca5ff.dir/src.c.o: in function `main':
src.c:(.text+0x46): undefined reference to `pthread_create'
/usr/bin/ld: src.c:(.text+0x52): undefined reference to `pthread_detach'
/usr/bin/ld: src.c:(.text+0x5e): undefined reference to `pthread_cancel'
/usr/bin/ld: src.c:(.text+0x6f): undefined reference to `pthread_join'
collect2: error: ld returned 1 exit status
ninja: build stopped: subcommand failed.


Source file was:
#include <pthread.h>

static void* test_func(void* data)
{
  return data;
}

int main(void)
{
  pthread_t thread;
  pthread_create(&thread, NULL, test_func, NULL);
  pthread_detach(thread);
  pthread_cancel(thread);
  pthread_join(thread, NULL);
  pthread_atfork(NULL, NULL, NULL);
  pthread_exit(NULL);

  return 0;
}

Determining if the function pthread_create exists in the pthreads failed with the following output:
Change Dir: /home/g/debug_ws/src/MSCKF_VIO_MONO/msckf_vio/build/CMakeFiles/CMakeTmp

Run Build Command(s):/usr/bin/ninja cmTC_bad1f && [1/2] Building C object CMakeFiles/cmTC_bad1f.dir/CheckFunctionExists.c.o
[2/2] Linking C executable cmTC_bad1f
FAILED: cmTC_bad1f 
: && /usr/bin/cc -DCHECK_FUNCTION_EXISTS=pthread_create -rdynamic CMakeFiles/cmTC_bad1f.dir/CheckFunctionExists.c.o -o cmTC_bad1f  -lpthreads && :
/usr/bin/ld: 找不到 -lpthreads
collect2: error: ld returned 1 exit status
ninja: build stopped: subcommand failed.



Determining if the function sgemm_ exists failed with the following output:
Change Dir: /home/g/debug_ws/src/MSCKF_VIO_MONO/msckf_vio/build/CMakeFiles/CMakeTmp

Run Build Command(s):/usr/bin/ninja cmTC_03a4c && [1/2] Building C object CMakeFiles/cmTC_03a4c.dir/CheckFunctionExists.c.o
[2/2] Linking C executable cmTC_03a4c
FAILED: cmTC_03a4c 
: && /usr/bin/cc -DCHECK_FUNCTION_EXISTS=sgemm_ -rdynamic CMakeFiles/cmTC_03a4c.dir/CheckFunctionExists.c.o -o cmTC_03a4c   && :
/usr/bin/ld: CMakeFiles/cmTC_03a4c.dir/CheckFunctionExists.c.o: in function `main':
CheckFunctionExists.c:(.text+0x14): undefined reference to `sgemm_'
collect2: error: ld returned 1 exit status
ninja: build stopped: subcommand failed.



Determining if the function cheev_ exists failed with the following output:
Change Dir: /home/g/debug_ws/src/MSCKF_VIO_MONO/msckf_vio/build/CMakeFiles/CMakeTmp

Run Build Command(s):/usr/bin/ninja cmTC_648fb && [1/2] Building C object CMakeFiles/cmTC_648fb.dir/CheckFunctionExists.c.o
[2/2] Linking C executable cmTC_648fb
FAILED: cmTC_648fb 
: && /usr/bin/cc -DCHECK_FUNCTION_EXISTS=cheev_ -rdynamic CMakeFiles/cmTC_648fb.dir/CheckFunctionExists.c.o -o cmTC_648fb  /usr/lib/x86_64-linux-gnu/libblas.so  /usr/lib/x86_64-linux-gnu/libf77blas.so  /usr/lib/x86_64-linux-gnu/libatlas.so  -lpthread  -lm  -ldl && :
/usr/bin/ld: CMakeFiles/cmTC_648fb.dir/CheckFunctionExists.c.o: in function `main':
CheckFunctionExists.c:(.text+0x14): undefined reference to `cheev_'
collect2: error: ld returned 1 exit status
ninja: build stopped: subcommand failed.



Determining if the function cheev_ exists failed with the following output:
Change Dir: /home/g/debug_ws/src/MSCKF_VIO_MONO/msckf_vio/build/CMakeFiles/CMakeTmp

Run Build Command(s):/usr/bin/ninja cmTC_6fe7e && [1/2] Building C object CMakeFiles/cmTC_6fe7e.dir/CheckFunctionExists.c.o
[2/2] Linking C executable cmTC_6fe7e
FAILED: cmTC_6fe7e 
: && /usr/bin/cc -DCHECK_FUNCTION_EXISTS=cheev_ -rdynamic CMakeFiles/cmTC_6fe7e.dir/CheckFunctionExists.c.o -o cmTC_6fe7e  -SSL2  /usr/lib/x86_64-linux-gnu/libblas.so  /usr/lib/x86_64-linux-gnu/libf77blas.so  /usr/lib/x86_64-linux-gnu/libatlas.so && :
cc: error: unrecognized command line option ‘-SSL2’
ninja: build stopped: subcommand failed.



Determining if the function cheev_ exists failed with the following output:
Change Dir: /home/g/debug_ws/src/MSCKF_VIO_MONO/msckf_vio/build/CMakeFiles/CMakeTmp

Run Build Command(s):/usr/bin/ninja cmTC_19514 && [1/2] Building C object CMakeFiles/cmTC_19514.dir/CheckFunctionExists.c.o
[2/2] Linking C executable cmTC_19514
FAILED: cmTC_19514 
: && /usr/bin/cc -DCHECK_FUNCTION_EXISTS=cheev_ -rdynamic CMakeFiles/cmTC_19514.dir/CheckFunctionExists.c.o -o cmTC_19514  /usr/lib/x86_64-linux-gnu/liblapack.so  /usr/lib/x86_64-linux-gnu/libblas.so  /usr/lib/x86_64-linux-gnu/libf77blas.so  /usr/lib/x86_64-linux-gnu/libatlas.so  -fortranlibs && :
cc: error: unrecognized command line option ‘-fortranlibs’
ninja: build stopped: subcommand failed.



